2022-06-02 14:17:20 INFO ? HV000001: Hibernate Validator 6.2.3.Final
2022-06-02 14:17:20 INFO ? Starting UserDeviceManagementApplication using Java 11.0.14.1 on DESKTOP-0CD3I63 with PID 23808 (C:\Users\Dao Manh\IdeaProjects\user-device-management\target\classes started by Dao Manh in C:\Users\Dao Manh\IdeaProjects\user-device-management)
2022-06-02 14:17:20 DEBUG ? Running with Spring Boot v2.7.0, Spring v5.3.20
2022-06-02 14:17:20 INFO ? No active profile set, falling back to 1 default profile: "default"
2022-06-02 14:17:21 INFO ? Multiple Spring Data modules found, entering strict repository configuration mode!
2022-06-02 14:17:21 INFO ? Bootstrapping Spring Data JPA repositories in DEFAULT mode.
2022-06-02 14:17:21 INFO ? Spring Data JPA - Could not safely identify store assignment for repository candidate interface com.kss.userdevicemanagement.repository.redis.UserDeviceCacheRepository. If you want this repository to be a JPA repository, consider annotating your entities with one of these annotations: javax.persistence.Entity, javax.persistence.MappedSuperclass (preferred), or consider extending one of the following types with your repository: org.springframework.data.jpa.repository.JpaRepository.
2022-06-02 14:17:21 INFO ? Spring Data JPA - Could not safely identify store assignment for repository candidate interface com.kss.userdevicemanagement.repository.redis.UserTopicCacheRepository. If you want this repository to be a JPA repository, consider annotating your entities with one of these annotations: javax.persistence.Entity, javax.persistence.MappedSuperclass (preferred), or consider extending one of the following types with your repository: org.springframework.data.jpa.repository.JpaRepository.
2022-06-02 14:17:21 INFO ? Finished Spring Data repository scanning in 59 ms. Found 4 JPA repository interfaces.
2022-06-02 14:17:21 INFO ? Multiple Spring Data modules found, entering strict repository configuration mode!
2022-06-02 14:17:21 INFO ? Bootstrapping Spring Data Redis repositories in DEFAULT mode.
2022-06-02 14:17:21 INFO ? Spring Data Redis - Could not safely identify store assignment for repository candidate interface com.kss.userdevicemanagement.repository.DeviceInfoRepository. If you want this repository to be a Redis repository, consider annotating your entities with one of these annotations: org.springframework.data.redis.core.RedisHash (preferred), or consider extending one of the following types with your repository: org.springframework.data.keyvalue.repository.KeyValueRepository.
2022-06-02 14:17:21 INFO ? Spring Data Redis - Could not safely identify store assignment for repository candidate interface com.kss.userdevicemanagement.repository.TopicRepository. If you want this repository to be a Redis repository, consider annotating your entities with one of these annotations: org.springframework.data.redis.core.RedisHash (preferred), or consider extending one of the following types with your repository: org.springframework.data.keyvalue.repository.KeyValueRepository.
2022-06-02 14:17:21 INFO ? Spring Data Redis - Could not safely identify store assignment for repository candidate interface com.kss.userdevicemanagement.repository.UserDeviceRepository. If you want this repository to be a Redis repository, consider annotating your entities with one of these annotations: org.springframework.data.redis.core.RedisHash (preferred), or consider extending one of the following types with your repository: org.springframework.data.keyvalue.repository.KeyValueRepository.
2022-06-02 14:17:21 INFO ? Spring Data Redis - Could not safely identify store assignment for repository candidate interface com.kss.userdevicemanagement.repository.UserTopicRepository. If you want this repository to be a Redis repository, consider annotating your entities with one of these annotations: org.springframework.data.redis.core.RedisHash (preferred), or consider extending one of the following types with your repository: org.springframework.data.keyvalue.repository.KeyValueRepository.
2022-06-02 14:17:21 INFO ? Finished Spring Data repository scanning in 11 ms. Found 2 Redis repository interfaces.
2022-06-02 14:17:21 INFO ? Tomcat initialized with port(s): 8809 (http)
2022-06-02 14:17:21 INFO ? Initializing ProtocolHandler ["http-nio-8809"]
2022-06-02 14:17:21 INFO ? Starting service [Tomcat]
2022-06-02 14:17:21 INFO ? Starting Servlet engine: [Apache Tomcat/9.0.63]
2022-06-02 14:17:21 INFO ? Initializing Spring embedded WebApplicationContext
2022-06-02 14:17:21 INFO ? Root WebApplicationContext: initialization completed in 1497 ms
2022-06-02 14:17:21 INFO ? HikariPoolUserManagementService - Starting...
2022-06-02 14:17:22 INFO ? HikariPoolUserManagementService - Start completed.
2022-06-02 14:17:22 INFO ? HHH000204: Processing PersistenceUnitInfo [name: default]
2022-06-02 14:17:22 INFO ? HHH000412: Hibernate ORM core version 5.6.9.Final
2022-06-02 14:17:22 INFO ? HCANN000001: Hibernate Commons Annotations {5.1.2.Final}
2022-06-02 14:17:22 INFO ? HHH000400: Using dialect: org.hibernate.dialect.MariaDB106Dialect
2022-06-02 14:17:22 INFO ? HHH000490: Using JtaPlatform implementation: [org.hibernate.engine.transaction.jta.platform.internal.NoJtaPlatform]
2022-06-02 14:17:22 INFO ? Initialized JPA EntityManagerFactory for persistence unit 'default'
2022-06-02 14:17:23 WARN ? spring.jpa.open-in-view is enabled by default. Therefore, database queries may be performed during view rendering. Explicitly configure spring.jpa.open-in-view to disable this warning
2022-06-02 14:17:23 INFO ? Exposing 3 endpoint(s) beneath base path '/actuator'
2022-06-02 14:17:24 INFO ? Starting ProtocolHandler ["http-nio-8809"]
2022-06-02 14:17:24 INFO ? Tomcat started on port(s): 8809 (http) with context path ''
2022-06-02 14:17:24 INFO ? Started UserDeviceManagementApplication in 4.232 seconds (JVM running for 4.966)
2022-06-02 14:17:24 INFO ? Initializing Spring DispatcherServlet 'dispatcherServlet'
2022-06-02 14:17:24 INFO ? Initializing Servlet 'dispatcherServlet'
2022-06-02 14:17:24 INFO ? Completed initialization in 1 ms
2022-06-02 14:46:23 INFO ? Closing JPA EntityManagerFactory for persistence unit 'default'
2022-06-02 14:46:23 INFO ? HikariPoolUserManagementService - Shutdown initiated...
2022-06-02 14:46:23 INFO ? HikariPoolUserManagementService - Shutdown completed.
2022-06-02 14:46:27 INFO ? HV000001: Hibernate Validator 6.2.3.Final
2022-06-02 14:46:27 INFO ? Starting UserDeviceManagementApplication using Java 11.0.14.1 on DESKTOP-0CD3I63 with PID 7124 (C:\Users\Dao Manh\IdeaProjects\user-device-management\target\classes started by Dao Manh in C:\Users\Dao Manh\IdeaProjects\user-device-management)
2022-06-02 14:46:27 DEBUG ? Running with Spring Boot v2.7.0, Spring v5.3.20
2022-06-02 14:46:27 INFO ? No active profile set, falling back to 1 default profile: "default"
2022-06-02 14:46:27 INFO ? Multiple Spring Data modules found, entering strict repository configuration mode!
2022-06-02 14:46:27 INFO ? Bootstrapping Spring Data JPA repositories in DEFAULT mode.
2022-06-02 14:46:27 INFO ? Spring Data JPA - Could not safely identify store assignment for repository candidate interface com.kss.userdevicemanagement.repository.redis.UserDeviceCacheRepository. If you want this repository to be a JPA repository, consider annotating your entities with one of these annotations: javax.persistence.Entity, javax.persistence.MappedSuperclass (preferred), or consider extending one of the following types with your repository: org.springframework.data.jpa.repository.JpaRepository.
2022-06-02 14:46:27 INFO ? Spring Data JPA - Could not safely identify store assignment for repository candidate interface com.kss.userdevicemanagement.repository.redis.UserTopicCacheRepository. If you want this repository to be a JPA repository, consider annotating your entities with one of these annotations: javax.persistence.Entity, javax.persistence.MappedSuperclass (preferred), or consider extending one of the following types with your repository: org.springframework.data.jpa.repository.JpaRepository.
2022-06-02 14:46:27 INFO ? Finished Spring Data repository scanning in 51 ms. Found 4 JPA repository interfaces.
2022-06-02 14:46:27 INFO ? Multiple Spring Data modules found, entering strict repository configuration mode!
2022-06-02 14:46:27 INFO ? Bootstrapping Spring Data Redis repositories in DEFAULT mode.
2022-06-02 14:46:27 INFO ? Spring Data Redis - Could not safely identify store assignment for repository candidate interface com.kss.userdevicemanagement.repository.DeviceInfoRepository. If you want this repository to be a Redis repository, consider annotating your entities with one of these annotations: org.springframework.data.redis.core.RedisHash (preferred), or consider extending one of the following types with your repository: org.springframework.data.keyvalue.repository.KeyValueRepository.
2022-06-02 14:46:27 INFO ? Spring Data Redis - Could not safely identify store assignment for repository candidate interface com.kss.userdevicemanagement.repository.TopicRepository. If you want this repository to be a Redis repository, consider annotating your entities with one of these annotations: org.springframework.data.redis.core.RedisHash (preferred), or consider extending one of the following types with your repository: org.springframework.data.keyvalue.repository.KeyValueRepository.
2022-06-02 14:46:27 INFO ? Spring Data Redis - Could not safely identify store assignment for repository candidate interface com.kss.userdevicemanagement.repository.UserDeviceRepository. If you want this repository to be a Redis repository, consider annotating your entities with one of these annotations: org.springframework.data.redis.core.RedisHash (preferred), or consider extending one of the following types with your repository: org.springframework.data.keyvalue.repository.KeyValueRepository.
2022-06-02 14:46:27 INFO ? Spring Data Redis - Could not safely identify store assignment for repository candidate interface com.kss.userdevicemanagement.repository.UserTopicRepository. If you want this repository to be a Redis repository, consider annotating your entities with one of these annotations: org.springframework.data.redis.core.RedisHash (preferred), or consider extending one of the following types with your repository: org.springframework.data.keyvalue.repository.KeyValueRepository.
2022-06-02 14:46:27 INFO ? Finished Spring Data repository scanning in 11 ms. Found 2 Redis repository interfaces.
2022-06-02 14:46:28 INFO ? Tomcat initialized with port(s): 8809 (http)
2022-06-02 14:46:28 INFO ? Initializing ProtocolHandler ["http-nio-8809"]
2022-06-02 14:46:28 INFO ? Starting service [Tomcat]
2022-06-02 14:46:28 INFO ? Starting Servlet engine: [Apache Tomcat/9.0.63]
2022-06-02 14:46:28 INFO ? Initializing Spring embedded WebApplicationContext
2022-06-02 14:46:28 INFO ? Root WebApplicationContext: initialization completed in 1161 ms
2022-06-02 14:46:28 INFO ? HikariPoolUserManagementService - Starting...
2022-06-02 14:46:28 INFO ? HikariPoolUserManagementService - Start completed.
2022-06-02 14:46:28 INFO ? HHH000204: Processing PersistenceUnitInfo [name: default]
2022-06-02 14:46:28 INFO ? HHH000412: Hibernate ORM core version 5.6.9.Final
2022-06-02 14:46:28 INFO ? HCANN000001: Hibernate Commons Annotations {5.1.2.Final}
2022-06-02 14:46:28 INFO ? HHH000400: Using dialect: org.hibernate.dialect.MariaDB106Dialect
2022-06-02 14:46:29 INFO ? HHH000490: Using JtaPlatform implementation: [org.hibernate.engine.transaction.jta.platform.internal.NoJtaPlatform]
2022-06-02 14:46:29 INFO ? Initialized JPA EntityManagerFactory for persistence unit 'default'
2022-06-02 14:46:30 WARN ? spring.jpa.open-in-view is enabled by default. Therefore, database queries may be performed during view rendering. Explicitly configure spring.jpa.open-in-view to disable this warning
2022-06-02 14:46:30 INFO ? Exposing 3 endpoint(s) beneath base path '/actuator'
2022-06-02 14:46:30 INFO ? Starting ProtocolHandler ["http-nio-8809"]
2022-06-02 14:46:30 INFO ? Tomcat started on port(s): 8809 (http) with context path ''
2022-06-02 14:46:30 INFO ? Started UserDeviceManagementApplication in 3.757 seconds (JVM running for 4.226)
2022-06-02 14:46:30 INFO ? Initializing Spring DispatcherServlet 'dispatcherServlet'
2022-06-02 14:46:30 INFO ? Initializing Servlet 'dispatcherServlet'
2022-06-02 14:46:30 INFO ? Completed initialization in 2 ms
2022-06-02 14:47:03 WARN ? Error: 1062-23000: Duplicate entry 'PushUserTopicScheduler' for key 'PRIMARY'
2022-06-02 14:47:03 INFO ?  send command success
2022-06-02 14:48:03 INFO ?  send command success
2022-06-02 14:49:03 INFO ?  send command success
2022-06-02 14:50:03 INFO ?  send command success
2022-06-02 14:51:03 INFO ?  send command success
2022-06-02 14:52:03 INFO ?  send command success
2022-06-02 14:53:03 INFO ?  send command success
2022-06-02 14:54:03 INFO ?  send command success
2022-06-02 14:55:03 INFO ?  send command success
2022-06-02 14:56:03 INFO ?  send command success
2022-06-02 14:57:03 INFO ?  send command success
2022-06-02 14:58:03 INFO ?  send command success
2022-06-02 14:58:51 INFO ? Closing JPA EntityManagerFactory for persistence unit 'default'
2022-06-02 14:58:51 INFO ? HikariPoolUserManagementService - Shutdown initiated...
2022-06-02 14:58:52 INFO ? HikariPoolUserManagementService - Shutdown completed.
2022-06-02 14:59:12 INFO ? HV000001: Hibernate Validator 6.2.3.Final
2022-06-02 14:59:12 INFO ? Starting UserDeviceManagementApplication using Java 11.0.14.1 on DESKTOP-0CD3I63 with PID 46920 (C:\Users\Dao Manh\IdeaProjects\user-device-management\target\classes started by Dao Manh in C:\Users\Dao Manh\IdeaProjects\user-device-management)
2022-06-02 14:59:12 DEBUG ? Running with Spring Boot v2.7.0, Spring v5.3.20
2022-06-02 14:59:12 INFO ? No active profile set, falling back to 1 default profile: "default"
2022-06-02 14:59:13 INFO ? Multiple Spring Data modules found, entering strict repository configuration mode!
2022-06-02 14:59:13 INFO ? Bootstrapping Spring Data JPA repositories in DEFAULT mode.
2022-06-02 14:59:13 INFO ? Spring Data JPA - Could not safely identify store assignment for repository candidate interface com.kss.userdevicemanagement.repository.redis.UserDeviceCacheRepository. If you want this repository to be a JPA repository, consider annotating your entities with one of these annotations: javax.persistence.Entity, javax.persistence.MappedSuperclass (preferred), or consider extending one of the following types with your repository: org.springframework.data.jpa.repository.JpaRepository.
2022-06-02 14:59:13 INFO ? Spring Data JPA - Could not safely identify store assignment for repository candidate interface com.kss.userdevicemanagement.repository.redis.UserTopicCacheRepository. If you want this repository to be a JPA repository, consider annotating your entities with one of these annotations: javax.persistence.Entity, javax.persistence.MappedSuperclass (preferred), or consider extending one of the following types with your repository: org.springframework.data.jpa.repository.JpaRepository.
2022-06-02 14:59:13 INFO ? Finished Spring Data repository scanning in 51 ms. Found 4 JPA repository interfaces.
2022-06-02 14:59:13 INFO ? Multiple Spring Data modules found, entering strict repository configuration mode!
2022-06-02 14:59:13 INFO ? Bootstrapping Spring Data Redis repositories in DEFAULT mode.
2022-06-02 14:59:13 INFO ? Spring Data Redis - Could not safely identify store assignment for repository candidate interface com.kss.userdevicemanagement.repository.DeviceInfoRepository. If you want this repository to be a Redis repository, consider annotating your entities with one of these annotations: org.springframework.data.redis.core.RedisHash (preferred), or consider extending one of the following types with your repository: org.springframework.data.keyvalue.repository.KeyValueRepository.
2022-06-02 14:59:13 INFO ? Spring Data Redis - Could not safely identify store assignment for repository candidate interface com.kss.userdevicemanagement.repository.TopicRepository. If you want this repository to be a Redis repository, consider annotating your entities with one of these annotations: org.springframework.data.redis.core.RedisHash (preferred), or consider extending one of the following types with your repository: org.springframework.data.keyvalue.repository.KeyValueRepository.
2022-06-02 14:59:13 INFO ? Spring Data Redis - Could not safely identify store assignment for repository candidate interface com.kss.userdevicemanagement.repository.UserDeviceRepository. If you want this repository to be a Redis repository, consider annotating your entities with one of these annotations: org.springframework.data.redis.core.RedisHash (preferred), or consider extending one of the following types with your repository: org.springframework.data.keyvalue.repository.KeyValueRepository.
2022-06-02 14:59:13 INFO ? Spring Data Redis - Could not safely identify store assignment for repository candidate interface com.kss.userdevicemanagement.repository.UserTopicRepository. If you want this repository to be a Redis repository, consider annotating your entities with one of these annotations: org.springframework.data.redis.core.RedisHash (preferred), or consider extending one of the following types with your repository: org.springframework.data.keyvalue.repository.KeyValueRepository.
2022-06-02 14:59:13 INFO ? Finished Spring Data repository scanning in 10 ms. Found 2 Redis repository interfaces.
2022-06-02 14:59:14 INFO ? Tomcat initialized with port(s): 8809 (http)
2022-06-02 14:59:14 INFO ? Initializing ProtocolHandler ["http-nio-8809"]
2022-06-02 14:59:14 INFO ? Starting service [Tomcat]
2022-06-02 14:59:14 INFO ? Starting Servlet engine: [Apache Tomcat/9.0.63]
2022-06-02 14:59:14 INFO ? Initializing Spring embedded WebApplicationContext
2022-06-02 14:59:14 INFO ? Root WebApplicationContext: initialization completed in 1130 ms
2022-06-02 14:59:14 INFO ? HikariPoolUserManagementService - Starting...
2022-06-02 14:59:14 INFO ? HikariPoolUserManagementService - Start completed.
2022-06-02 14:59:14 INFO ? HHH000204: Processing PersistenceUnitInfo [name: default]
2022-06-02 14:59:14 INFO ? HHH000412: Hibernate ORM core version 5.6.9.Final
2022-06-02 14:59:14 INFO ? HCANN000001: Hibernate Commons Annotations {5.1.2.Final}
2022-06-02 14:59:14 INFO ? HHH000400: Using dialect: org.hibernate.dialect.MariaDB106Dialect
2022-06-02 14:59:15 INFO ? HHH000490: Using JtaPlatform implementation: [org.hibernate.engine.transaction.jta.platform.internal.NoJtaPlatform]
2022-06-02 14:59:15 INFO ? Initialized JPA EntityManagerFactory for persistence unit 'default'
2022-06-02 14:59:15 WARN ? spring.jpa.open-in-view is enabled by default. Therefore, database queries may be performed during view rendering. Explicitly configure spring.jpa.open-in-view to disable this warning
2022-06-02 14:59:16 INFO ? Exposing 3 endpoint(s) beneath base path '/actuator'
2022-06-02 14:59:16 INFO ? Starting ProtocolHandler ["http-nio-8809"]
2022-06-02 14:59:16 INFO ? Tomcat started on port(s): 8809 (http) with context path ''
2022-06-02 14:59:16 INFO ? Started UserDeviceManagementApplication in 3.829 seconds (JVM running for 4.303)
2022-06-02 14:59:17 INFO ? Initializing Spring DispatcherServlet 'dispatcherServlet'
2022-06-02 14:59:17 INFO ? Initializing Servlet 'dispatcherServlet'
2022-06-02 14:59:17 INFO ? Completed initialization in 1 ms
2022-06-02 14:59:49 INFO ? Closing JPA EntityManagerFactory for persistence unit 'default'
2022-06-02 14:59:49 INFO ? HikariPoolUserManagementService - Shutdown initiated...
2022-06-02 14:59:49 INFO ? HikariPoolUserManagementService - Shutdown completed.
2022-06-02 15:01:26 INFO ? HV000001: Hibernate Validator 6.2.3.Final
2022-06-02 15:01:26 INFO ? Starting UserDeviceManagementApplication using Java 11.0.14.1 on DESKTOP-0CD3I63 with PID 26856 (C:\Users\Dao Manh\IdeaProjects\user-device-management\target\classes started by Dao Manh in C:\Users\Dao Manh\IdeaProjects\user-device-management)
2022-06-02 15:01:26 DEBUG ? Running with Spring Boot v2.7.0, Spring v5.3.20
2022-06-02 15:01:26 INFO ? No active profile set, falling back to 1 default profile: "default"
2022-06-02 15:01:27 INFO ? Multiple Spring Data modules found, entering strict repository configuration mode!
2022-06-02 15:01:27 INFO ? Bootstrapping Spring Data JPA repositories in DEFAULT mode.
2022-06-02 15:01:27 INFO ? Spring Data JPA - Could not safely identify store assignment for repository candidate interface com.kss.userdevicemanagement.repository.redis.UserDeviceCacheRepository. If you want this repository to be a JPA repository, consider annotating your entities with one of these annotations: javax.persistence.Entity, javax.persistence.MappedSuperclass (preferred), or consider extending one of the following types with your repository: org.springframework.data.jpa.repository.JpaRepository.
2022-06-02 15:01:27 INFO ? Spring Data JPA - Could not safely identify store assignment for repository candidate interface com.kss.userdevicemanagement.repository.redis.UserTopicCacheRepository. If you want this repository to be a JPA repository, consider annotating your entities with one of these annotations: javax.persistence.Entity, javax.persistence.MappedSuperclass (preferred), or consider extending one of the following types with your repository: org.springframework.data.jpa.repository.JpaRepository.
2022-06-02 15:01:27 INFO ? Finished Spring Data repository scanning in 52 ms. Found 4 JPA repository interfaces.
2022-06-02 15:01:27 INFO ? Multiple Spring Data modules found, entering strict repository configuration mode!
2022-06-02 15:01:27 INFO ? Bootstrapping Spring Data Redis repositories in DEFAULT mode.
2022-06-02 15:01:27 INFO ? Spring Data Redis - Could not safely identify store assignment for repository candidate interface com.kss.userdevicemanagement.repository.DeviceInfoRepository. If you want this repository to be a Redis repository, consider annotating your entities with one of these annotations: org.springframework.data.redis.core.RedisHash (preferred), or consider extending one of the following types with your repository: org.springframework.data.keyvalue.repository.KeyValueRepository.
2022-06-02 15:01:27 INFO ? Spring Data Redis - Could not safely identify store assignment for repository candidate interface com.kss.userdevicemanagement.repository.TopicRepository. If you want this repository to be a Redis repository, consider annotating your entities with one of these annotations: org.springframework.data.redis.core.RedisHash (preferred), or consider extending one of the following types with your repository: org.springframework.data.keyvalue.repository.KeyValueRepository.
2022-06-02 15:01:27 INFO ? Spring Data Redis - Could not safely identify store assignment for repository candidate interface com.kss.userdevicemanagement.repository.UserDeviceRepository. If you want this repository to be a Redis repository, consider annotating your entities with one of these annotations: org.springframework.data.redis.core.RedisHash (preferred), or consider extending one of the following types with your repository: org.springframework.data.keyvalue.repository.KeyValueRepository.
2022-06-02 15:01:27 INFO ? Spring Data Redis - Could not safely identify store assignment for repository candidate interface com.kss.userdevicemanagement.repository.UserTopicRepository. If you want this repository to be a Redis repository, consider annotating your entities with one of these annotations: org.springframework.data.redis.core.RedisHash (preferred), or consider extending one of the following types with your repository: org.springframework.data.keyvalue.repository.KeyValueRepository.
2022-06-02 15:01:27 INFO ? Finished Spring Data repository scanning in 11 ms. Found 2 Redis repository interfaces.
2022-06-02 15:01:27 INFO ? Tomcat initialized with port(s): 8809 (http)
2022-06-02 15:01:27 INFO ? Initializing ProtocolHandler ["http-nio-8809"]
2022-06-02 15:01:27 INFO ? Starting service [Tomcat]
2022-06-02 15:01:27 INFO ? Starting Servlet engine: [Apache Tomcat/9.0.63]
2022-06-02 15:01:27 INFO ? Initializing Spring embedded WebApplicationContext
2022-06-02 15:01:27 INFO ? Root WebApplicationContext: initialization completed in 1149 ms
2022-06-02 15:01:27 INFO ? HikariPoolUserManagementService - Starting...
2022-06-02 15:01:28 INFO ? HikariPoolUserManagementService - Start completed.
2022-06-02 15:01:28 INFO ? HHH000204: Processing PersistenceUnitInfo [name: default]
2022-06-02 15:01:28 INFO ? HHH000412: Hibernate ORM core version 5.6.9.Final
2022-06-02 15:01:28 INFO ? HCANN000001: Hibernate Commons Annotations {5.1.2.Final}
2022-06-02 15:01:28 INFO ? HHH000400: Using dialect: org.hibernate.dialect.MariaDB106Dialect
2022-06-02 15:01:28 INFO ? HHH000490: Using JtaPlatform implementation: [org.hibernate.engine.transaction.jta.platform.internal.NoJtaPlatform]
2022-06-02 15:01:28 INFO ? Initialized JPA EntityManagerFactory for persistence unit 'default'
2022-06-02 15:01:29 WARN ? spring.jpa.open-in-view is enabled by default. Therefore, database queries may be performed during view rendering. Explicitly configure spring.jpa.open-in-view to disable this warning
2022-06-02 15:01:29 INFO ? Exposing 3 endpoint(s) beneath base path '/actuator'
2022-06-02 15:01:29 INFO ? Starting ProtocolHandler ["http-nio-8809"]
2022-06-02 15:01:29 INFO ? Tomcat started on port(s): 8809 (http) with context path ''
2022-06-02 15:01:30 INFO ? Started UserDeviceManagementApplication in 3.732 seconds (JVM running for 4.21)
2022-06-02 15:01:30 INFO ? Initializing Spring DispatcherServlet 'dispatcherServlet'
2022-06-02 15:01:30 INFO ? Initializing Servlet 'dispatcherServlet'
2022-06-02 15:01:30 INFO ? Completed initialization in 1 ms
2022-06-02 15:02:02 WARN ? Error: 1062-23000: Duplicate entry 'PushUserDeviceScheduler' for key 'PRIMARY'
2022-06-02 15:05:34 INFO ?  send command success
2022-06-02 15:09:49 INFO ? HV000001: Hibernate Validator 6.2.3.Final
2022-06-02 15:09:49 INFO ? Starting UserDeviceManagementApplication using Java 11.0.14.1 on DESKTOP-0CD3I63 with PID 41468 (C:\Users\Dao Manh\IdeaProjects\user-device-management\target\classes started by Dao Manh in C:\Users\Dao Manh\IdeaProjects\user-device-management)
2022-06-02 15:09:49 DEBUG ? Running with Spring Boot v2.7.0, Spring v5.3.20
2022-06-02 15:09:49 INFO ? No active profile set, falling back to 1 default profile: "default"
2022-06-02 15:09:50 INFO ? Multiple Spring Data modules found, entering strict repository configuration mode!
2022-06-02 15:09:50 INFO ? Bootstrapping Spring Data JPA repositories in DEFAULT mode.
2022-06-02 15:09:50 INFO ? Spring Data JPA - Could not safely identify store assignment for repository candidate interface com.kss.userdevicemanagement.repository.redis.UserDeviceCacheRepository. If you want this repository to be a JPA repository, consider annotating your entities with one of these annotations: javax.persistence.Entity, javax.persistence.MappedSuperclass (preferred), or consider extending one of the following types with your repository: org.springframework.data.jpa.repository.JpaRepository.
2022-06-02 15:09:50 INFO ? Spring Data JPA - Could not safely identify store assignment for repository candidate interface com.kss.userdevicemanagement.repository.redis.UserTopicCacheRepository. If you want this repository to be a JPA repository, consider annotating your entities with one of these annotations: javax.persistence.Entity, javax.persistence.MappedSuperclass (preferred), or consider extending one of the following types with your repository: org.springframework.data.jpa.repository.JpaRepository.
2022-06-02 15:09:50 INFO ? Finished Spring Data repository scanning in 67 ms. Found 4 JPA repository interfaces.
2022-06-02 15:09:50 INFO ? Multiple Spring Data modules found, entering strict repository configuration mode!
2022-06-02 15:09:50 INFO ? Bootstrapping Spring Data Redis repositories in DEFAULT mode.
2022-06-02 15:09:50 INFO ? Spring Data Redis - Could not safely identify store assignment for repository candidate interface com.kss.userdevicemanagement.repository.DeviceInfoRepository. If you want this repository to be a Redis repository, consider annotating your entities with one of these annotations: org.springframework.data.redis.core.RedisHash (preferred), or consider extending one of the following types with your repository: org.springframework.data.keyvalue.repository.KeyValueRepository.
2022-06-02 15:09:50 INFO ? Spring Data Redis - Could not safely identify store assignment for repository candidate interface com.kss.userdevicemanagement.repository.TopicRepository. If you want this repository to be a Redis repository, consider annotating your entities with one of these annotations: org.springframework.data.redis.core.RedisHash (preferred), or consider extending one of the following types with your repository: org.springframework.data.keyvalue.repository.KeyValueRepository.
2022-06-02 15:09:50 INFO ? Spring Data Redis - Could not safely identify store assignment for repository candidate interface com.kss.userdevicemanagement.repository.UserDeviceRepository. If you want this repository to be a Redis repository, consider annotating your entities with one of these annotations: org.springframework.data.redis.core.RedisHash (preferred), or consider extending one of the following types with your repository: org.springframework.data.keyvalue.repository.KeyValueRepository.
2022-06-02 15:09:50 INFO ? Spring Data Redis - Could not safely identify store assignment for repository candidate interface com.kss.userdevicemanagement.repository.UserTopicRepository. If you want this repository to be a Redis repository, consider annotating your entities with one of these annotations: org.springframework.data.redis.core.RedisHash (preferred), or consider extending one of the following types with your repository: org.springframework.data.keyvalue.repository.KeyValueRepository.
2022-06-02 15:09:50 INFO ? Finished Spring Data repository scanning in 10 ms. Found 2 Redis repository interfaces.
2022-06-02 15:09:50 INFO ? Tomcat initialized with port(s): 8809 (http)
2022-06-02 15:09:50 INFO ? Initializing ProtocolHandler ["http-nio-8809"]
2022-06-02 15:09:50 INFO ? Starting service [Tomcat]
2022-06-02 15:09:50 INFO ? Starting Servlet engine: [Apache Tomcat/9.0.63]
2022-06-02 15:09:50 INFO ? Initializing Spring embedded WebApplicationContext
2022-06-02 15:09:50 INFO ? Root WebApplicationContext: initialization completed in 1222 ms
2022-06-02 15:09:50 INFO ? HikariPoolUserManagementService - Starting...
2022-06-02 15:09:51 INFO ? HikariPoolUserManagementService - Start completed.
2022-06-02 15:09:51 INFO ? HHH000204: Processing PersistenceUnitInfo [name: default]
2022-06-02 15:09:51 INFO ? HHH000412: Hibernate ORM core version 5.6.9.Final
2022-06-02 15:09:51 INFO ? HCANN000001: Hibernate Commons Annotations {5.1.2.Final}
2022-06-02 15:09:51 INFO ? HHH000400: Using dialect: org.hibernate.dialect.MariaDB106Dialect
2022-06-02 15:09:51 INFO ? HHH000490: Using JtaPlatform implementation: [org.hibernate.engine.transaction.jta.platform.internal.NoJtaPlatform]
2022-06-02 15:09:51 INFO ? Initialized JPA EntityManagerFactory for persistence unit 'default'
2022-06-02 15:09:52 WARN ? spring.jpa.open-in-view is enabled by default. Therefore, database queries may be performed during view rendering. Explicitly configure spring.jpa.open-in-view to disable this warning
2022-06-02 15:09:52 INFO ? Exposing 3 endpoint(s) beneath base path '/actuator'
2022-06-02 15:09:52 INFO ? Tomcat started on port(s): 8809 (http) with context path ''
2022-06-02 15:09:53 INFO ? Started UserDeviceManagementApplication in 3.777 seconds (JVM running for 4.243)
2022-06-02 15:09:53 INFO ? Closing JPA EntityManagerFactory for persistence unit 'default'
2022-06-02 15:09:53 INFO ? HikariPoolUserManagementService - Shutdown initiated...
2022-06-02 15:09:53 INFO ? HikariPoolUserManagementService - Shutdown completed.
2022-06-02 15:09:56 INFO ? HV000001: Hibernate Validator 6.2.3.Final
2022-06-02 15:09:56 INFO ? Starting UserDeviceManagementApplication using Java 11.0.14.1 on DESKTOP-0CD3I63 with PID 18804 (C:\Users\Dao Manh\IdeaProjects\user-device-management\target\classes started by Dao Manh in C:\Users\Dao Manh\IdeaProjects\user-device-management)
2022-06-02 15:09:56 DEBUG ? Running with Spring Boot v2.7.0, Spring v5.3.20
2022-06-02 15:09:56 INFO ? No active profile set, falling back to 1 default profile: "default"
2022-06-02 15:09:57 INFO ? Multiple Spring Data modules found, entering strict repository configuration mode!
2022-06-02 15:09:57 INFO ? Bootstrapping Spring Data JPA repositories in DEFAULT mode.
2022-06-02 15:09:57 INFO ? Spring Data JPA - Could not safely identify store assignment for repository candidate interface com.kss.userdevicemanagement.repository.redis.UserDeviceCacheRepository. If you want this repository to be a JPA repository, consider annotating your entities with one of these annotations: javax.persistence.Entity, javax.persistence.MappedSuperclass (preferred), or consider extending one of the following types with your repository: org.springframework.data.jpa.repository.JpaRepository.
2022-06-02 15:09:57 INFO ? Spring Data JPA - Could not safely identify store assignment for repository candidate interface com.kss.userdevicemanagement.repository.redis.UserTopicCacheRepository. If you want this repository to be a JPA repository, consider annotating your entities with one of these annotations: javax.persistence.Entity, javax.persistence.MappedSuperclass (preferred), or consider extending one of the following types with your repository: org.springframework.data.jpa.repository.JpaRepository.
2022-06-02 15:09:57 INFO ? Finished Spring Data repository scanning in 51 ms. Found 4 JPA repository interfaces.
2022-06-02 15:09:57 INFO ? Multiple Spring Data modules found, entering strict repository configuration mode!
2022-06-02 15:09:57 INFO ? Bootstrapping Spring Data Redis repositories in DEFAULT mode.
2022-06-02 15:09:57 INFO ? Spring Data Redis - Could not safely identify store assignment for repository candidate interface com.kss.userdevicemanagement.repository.DeviceInfoRepository. If you want this repository to be a Redis repository, consider annotating your entities with one of these annotations: org.springframework.data.redis.core.RedisHash (preferred), or consider extending one of the following types with your repository: org.springframework.data.keyvalue.repository.KeyValueRepository.
2022-06-02 15:09:57 INFO ? Spring Data Redis - Could not safely identify store assignment for repository candidate interface com.kss.userdevicemanagement.repository.TopicRepository. If you want this repository to be a Redis repository, consider annotating your entities with one of these annotations: org.springframework.data.redis.core.RedisHash (preferred), or consider extending one of the following types with your repository: org.springframework.data.keyvalue.repository.KeyValueRepository.
2022-06-02 15:09:57 INFO ? Spring Data Redis - Could not safely identify store assignment for repository candidate interface com.kss.userdevicemanagement.repository.UserDeviceRepository. If you want this repository to be a Redis repository, consider annotating your entities with one of these annotations: org.springframework.data.redis.core.RedisHash (preferred), or consider extending one of the following types with your repository: org.springframework.data.keyvalue.repository.KeyValueRepository.
2022-06-02 15:09:57 INFO ? Spring Data Redis - Could not safely identify store assignment for repository candidate interface com.kss.userdevicemanagement.repository.UserTopicRepository. If you want this repository to be a Redis repository, consider annotating your entities with one of these annotations: org.springframework.data.redis.core.RedisHash (preferred), or consider extending one of the following types with your repository: org.springframework.data.keyvalue.repository.KeyValueRepository.
2022-06-02 15:09:57 INFO ? Finished Spring Data repository scanning in 11 ms. Found 2 Redis repository interfaces.
2022-06-02 15:09:57 INFO ? Tomcat initialized with port(s): 8809 (http)
2022-06-02 15:09:57 INFO ? Initializing ProtocolHandler ["http-nio-8809"]
2022-06-02 15:09:57 INFO ? Starting service [Tomcat]
2022-06-02 15:09:57 INFO ? Starting Servlet engine: [Apache Tomcat/9.0.63]
2022-06-02 15:09:57 INFO ? Initializing Spring embedded WebApplicationContext
2022-06-02 15:09:57 INFO ? Root WebApplicationContext: initialization completed in 1172 ms
2022-06-02 15:09:57 INFO ? HikariPoolUserManagementService - Starting...
2022-06-02 15:09:58 INFO ? HikariPoolUserManagementService - Start completed.
2022-06-02 15:09:58 INFO ? HHH000204: Processing PersistenceUnitInfo [name: default]
2022-06-02 15:09:58 INFO ? HHH000412: Hibernate ORM core version 5.6.9.Final
2022-06-02 15:09:58 INFO ? HCANN000001: Hibernate Commons Annotations {5.1.2.Final}
2022-06-02 15:09:58 INFO ? HHH000400: Using dialect: org.hibernate.dialect.MariaDB106Dialect
2022-06-02 15:09:58 INFO ? HHH000490: Using JtaPlatform implementation: [org.hibernate.engine.transaction.jta.platform.internal.NoJtaPlatform]
2022-06-02 15:09:58 INFO ? Initialized JPA EntityManagerFactory for persistence unit 'default'
2022-06-02 15:09:59 WARN ? spring.jpa.open-in-view is enabled by default. Therefore, database queries may be performed during view rendering. Explicitly configure spring.jpa.open-in-view to disable this warning
2022-06-02 15:09:59 INFO ? Exposing 3 endpoint(s) beneath base path '/actuator'
2022-06-02 15:10:00 INFO ? Starting ProtocolHandler ["http-nio-8809"]
2022-06-02 15:10:00 INFO ? Tomcat started on port(s): 8809 (http) with context path ''
2022-06-02 15:10:00 INFO ? Started UserDeviceManagementApplication in 3.964 seconds (JVM running for 4.429)
2022-06-02 15:10:00 INFO ? Initializing Spring DispatcherServlet 'dispatcherServlet'
2022-06-02 15:10:00 INFO ? Initializing Servlet 'dispatcherServlet'
2022-06-02 15:10:00 INFO ? Completed initialization in 1 ms
2022-06-02 15:10:03 WARN ? Error: 1062-23000: Duplicate entry 'PushUserTopicScheduler' for key 'PRIMARY'
2022-06-02 15:10:03 INFO ?  send command success
2022-06-02 15:11:03 INFO ?  send command success
2022-06-02 15:12:03 INFO ?  send command success
2022-06-02 15:13:03 INFO ?  send command success
2022-06-02 15:14:03 INFO ?  send command success
2022-06-02 15:15:03 INFO ?  send command success
2022-06-02 15:16:03 INFO ?  send command success
2022-06-02 15:17:03 INFO ?  send command success
2022-06-02 15:18:03 INFO ?  send command success
2022-06-02 15:19:03 INFO ?  send command success
2022-06-02 15:20:03 INFO ?  send command success
2022-06-02 15:21:03 INFO ?  send command success
2022-06-02 15:22:03 INFO ?  send command success
2022-06-02 15:22:05 INFO ? null Unexpected exception during request: java.io.IOException: An existing connection was forcibly closed by the remote host
java.io.IOException: An existing connection was forcibly closed by the remote host
	at java.base/sun.nio.ch.SocketDispatcher.read0(Native Method)
	at java.base/sun.nio.ch.SocketDispatcher.read(SocketDispatcher.java:43)
	at java.base/sun.nio.ch.IOUtil.readIntoNativeBuffer(IOUtil.java:276)
	at java.base/sun.nio.ch.IOUtil.read(IOUtil.java:233)
	at java.base/sun.nio.ch.IOUtil.read(IOUtil.java:223)
	at java.base/sun.nio.ch.SocketChannelImpl.read(SocketChannelImpl.java:356)
	at io.netty.buffer.PooledByteBuf.setBytes(PooledByteBuf.java:258)
	at io.netty.buffer.AbstractByteBuf.writeBytes(AbstractByteBuf.java:1132)
	at io.netty.channel.socket.nio.NioSocketChannel.doReadBytes(NioSocketChannel.java:357)
	at io.netty.channel.nio.AbstractNioByteChannel$NioByteUnsafe.read(AbstractNioByteChannel.java:151)
	at io.netty.channel.nio.NioEventLoop.processSelectedKey(NioEventLoop.java:722)
	at io.netty.channel.nio.NioEventLoop.processSelectedKeysOptimized(NioEventLoop.java:658)
	at io.netty.channel.nio.NioEventLoop.processSelectedKeys(NioEventLoop.java:584)
	at io.netty.channel.nio.NioEventLoop.run(NioEventLoop.java:496)
	at io.netty.util.concurrent.SingleThreadEventExecutor$4.run(SingleThreadEventExecutor.java:995)
	at io.netty.util.internal.ThreadExecutorMap$2.run(ThreadExecutorMap.java:74)
	at io.netty.util.concurrent.FastThreadLocalRunnable.run(FastThreadLocalRunnable.java:30)
	at java.base/java.lang.Thread.run(Thread.java:829)
2022-06-02 15:22:05 INFO ? null Unexpected exception during request: java.io.IOException: An existing connection was forcibly closed by the remote host
java.io.IOException: An existing connection was forcibly closed by the remote host
	at java.base/sun.nio.ch.SocketDispatcher.read0(Native Method)
	at java.base/sun.nio.ch.SocketDispatcher.read(SocketDispatcher.java:43)
	at java.base/sun.nio.ch.IOUtil.readIntoNativeBuffer(IOUtil.java:276)
	at java.base/sun.nio.ch.IOUtil.read(IOUtil.java:233)
	at java.base/sun.nio.ch.IOUtil.read(IOUtil.java:223)
	at java.base/sun.nio.ch.SocketChannelImpl.read(SocketChannelImpl.java:356)
	at io.netty.buffer.PooledByteBuf.setBytes(PooledByteBuf.java:258)
	at io.netty.buffer.AbstractByteBuf.writeBytes(AbstractByteBuf.java:1132)
	at io.netty.channel.socket.nio.NioSocketChannel.doReadBytes(NioSocketChannel.java:357)
	at io.netty.channel.nio.AbstractNioByteChannel$NioByteUnsafe.read(AbstractNioByteChannel.java:151)
	at io.netty.channel.nio.NioEventLoop.processSelectedKey(NioEventLoop.java:722)
	at io.netty.channel.nio.NioEventLoop.processSelectedKeysOptimized(NioEventLoop.java:658)
	at io.netty.channel.nio.NioEventLoop.processSelectedKeys(NioEventLoop.java:584)
	at io.netty.channel.nio.NioEventLoop.run(NioEventLoop.java:496)
	at io.netty.util.concurrent.SingleThreadEventExecutor$4.run(SingleThreadEventExecutor.java:995)
	at io.netty.util.internal.ThreadExecutorMap$2.run(ThreadExecutorMap.java:74)
	at io.netty.util.concurrent.FastThreadLocalRunnable.run(FastThreadLocalRunnable.java:30)
	at java.base/java.lang.Thread.run(Thread.java:829)
2022-06-02 15:22:05 INFO ? Reconnecting, last destination was /10.199.100.9:6379
2022-06-02 15:22:05 INFO ? Reconnecting, last destination was /10.199.100.9:6379
2022-06-02 15:22:15 WARN ? Cannot reconnect to [10.199.100.9:6379]: connection timed out: /10.199.100.9:6379
2022-06-02 15:22:15 WARN ? Cannot reconnect to [10.199.100.9:6379]: connection timed out: /10.199.100.9:6379
2022-06-02 15:22:15 INFO ? Reconnecting, last destination was 10.199.100.9:6379
2022-06-02 15:22:15 INFO ? Reconnecting, last destination was 10.199.100.9:6379
2022-06-02 15:22:25 WARN ? Cannot reconnect to [10.199.100.9:6379]: connection timed out: /10.199.100.9:6379
2022-06-02 15:22:25 WARN ? Cannot reconnect to [10.199.100.9:6379]: connection timed out: /10.199.100.9:6379
2022-06-02 15:22:25 INFO ? Reconnecting, last destination was 10.199.100.9:6379
2022-06-02 15:22:25 INFO ? Reconnecting, last destination was 10.199.100.9:6379
2022-06-02 15:22:25 INFO ? Reconnected to 10.199.100.9:6379
2022-06-02 15:22:25 INFO ? Reconnected to 10.199.100.9:6379
2022-06-02 15:22:50 INFO ? Closing JPA EntityManagerFactory for persistence unit 'default'
2022-06-02 15:22:50 INFO ? HikariPoolUserManagementService - Shutdown initiated...
2022-06-02 15:22:50 INFO ? HikariPoolUserManagementService - Shutdown completed.
2022-06-02 15:22:52 INFO ? HV000001: Hibernate Validator 6.2.3.Final
2022-06-02 15:22:52 INFO ? Starting UserDeviceManagementApplication using Java 11.0.14.1 on DESKTOP-0CD3I63 with PID 21128 (C:\Users\Dao Manh\IdeaProjects\user-device-management\target\classes started by Dao Manh in C:\Users\Dao Manh\IdeaProjects\user-device-management)
2022-06-02 15:22:52 DEBUG ? Running with Spring Boot v2.7.0, Spring v5.3.20
2022-06-02 15:22:52 INFO ? No active profile set, falling back to 1 default profile: "default"
2022-06-02 15:22:53 INFO ? Multiple Spring Data modules found, entering strict repository configuration mode!
2022-06-02 15:22:53 INFO ? Bootstrapping Spring Data JPA repositories in DEFAULT mode.
2022-06-02 15:22:53 INFO ? Spring Data JPA - Could not safely identify store assignment for repository candidate interface com.kss.userdevicemanagement.repository.redis.UserDeviceCacheRepository. If you want this repository to be a JPA repository, consider annotating your entities with one of these annotations: javax.persistence.Entity, javax.persistence.MappedSuperclass (preferred), or consider extending one of the following types with your repository: org.springframework.data.jpa.repository.JpaRepository.
2022-06-02 15:22:53 INFO ? Spring Data JPA - Could not safely identify store assignment for repository candidate interface com.kss.userdevicemanagement.repository.redis.UserTopicCacheRepository. If you want this repository to be a JPA repository, consider annotating your entities with one of these annotations: javax.persistence.Entity, javax.persistence.MappedSuperclass (preferred), or consider extending one of the following types with your repository: org.springframework.data.jpa.repository.JpaRepository.
2022-06-02 15:22:53 INFO ? Finished Spring Data repository scanning in 65 ms. Found 4 JPA repository interfaces.
2022-06-02 15:22:53 INFO ? Multiple Spring Data modules found, entering strict repository configuration mode!
2022-06-02 15:22:53 INFO ? Bootstrapping Spring Data Redis repositories in DEFAULT mode.
2022-06-02 15:22:53 INFO ? Spring Data Redis - Could not safely identify store assignment for repository candidate interface com.kss.userdevicemanagement.repository.DeviceInfoRepository. If you want this repository to be a Redis repository, consider annotating your entities with one of these annotations: org.springframework.data.redis.core.RedisHash (preferred), or consider extending one of the following types with your repository: org.springframework.data.keyvalue.repository.KeyValueRepository.
2022-06-02 15:22:53 INFO ? Spring Data Redis - Could not safely identify store assignment for repository candidate interface com.kss.userdevicemanagement.repository.TopicRepository. If you want this repository to be a Redis repository, consider annotating your entities with one of these annotations: org.springframework.data.redis.core.RedisHash (preferred), or consider extending one of the following types with your repository: org.springframework.data.keyvalue.repository.KeyValueRepository.
2022-06-02 15:22:53 INFO ? Spring Data Redis - Could not safely identify store assignment for repository candidate interface com.kss.userdevicemanagement.repository.UserDeviceRepository. If you want this repository to be a Redis repository, consider annotating your entities with one of these annotations: org.springframework.data.redis.core.RedisHash (preferred), or consider extending one of the following types with your repository: org.springframework.data.keyvalue.repository.KeyValueRepository.
2022-06-02 15:22:53 INFO ? Spring Data Redis - Could not safely identify store assignment for repository candidate interface com.kss.userdevicemanagement.repository.UserTopicRepository. If you want this repository to be a Redis repository, consider annotating your entities with one of these annotations: org.springframework.data.redis.core.RedisHash (preferred), or consider extending one of the following types with your repository: org.springframework.data.keyvalue.repository.KeyValueRepository.
2022-06-02 15:22:53 INFO ? Finished Spring Data repository scanning in 13 ms. Found 2 Redis repository interfaces.
2022-06-02 15:22:54 INFO ? Tomcat initialized with port(s): 8811 (http)
2022-06-02 15:22:54 INFO ? Initializing ProtocolHandler ["http-nio-8811"]
2022-06-02 15:22:54 INFO ? Starting service [Tomcat]
2022-06-02 15:22:54 INFO ? Starting Servlet engine: [Apache Tomcat/9.0.63]
2022-06-02 15:22:54 INFO ? Initializing Spring embedded WebApplicationContext
2022-06-02 15:22:54 INFO ? Root WebApplicationContext: initialization completed in 1177 ms
2022-06-02 15:22:54 INFO ? HikariPoolUserManagementService - Starting...
2022-06-02 15:22:54 INFO ? HikariPoolUserManagementService - Start completed.
2022-06-02 15:22:54 INFO ? HHH000204: Processing PersistenceUnitInfo [name: default]
2022-06-02 15:22:54 INFO ? HHH000412: Hibernate ORM core version 5.6.9.Final
2022-06-02 15:22:54 INFO ? HCANN000001: Hibernate Commons Annotations {5.1.2.Final}
2022-06-02 15:22:54 INFO ? HHH000400: Using dialect: org.hibernate.dialect.MariaDB106Dialect
2022-06-02 15:22:55 INFO ? HHH000490: Using JtaPlatform implementation: [org.hibernate.engine.transaction.jta.platform.internal.NoJtaPlatform]
2022-06-02 15:22:55 INFO ? Initialized JPA EntityManagerFactory for persistence unit 'default'
2022-06-02 15:22:55 WARN ? spring.jpa.open-in-view is enabled by default. Therefore, database queries may be performed during view rendering. Explicitly configure spring.jpa.open-in-view to disable this warning
2022-06-02 15:22:55 INFO ? Exposing 3 endpoint(s) beneath base path '/actuator'
2022-06-02 15:22:56 INFO ? Starting ProtocolHandler ["http-nio-8811"]
2022-06-02 15:22:56 INFO ? Tomcat started on port(s): 8811 (http) with context path ''
2022-06-02 15:22:56 INFO ? Started UserDeviceManagementApplication in 3.74 seconds (JVM running for 4.25)
2022-06-02 15:22:56 INFO ? Initializing Spring DispatcherServlet 'dispatcherServlet'
2022-06-02 15:22:56 INFO ? Initializing Servlet 'dispatcherServlet'
2022-06-02 15:22:56 INFO ? Completed initialization in 1 ms
2022-06-02 15:23:03 WARN ? Error: 1062-23000: Duplicate entry 'PushUserTopicScheduler' for key 'PRIMARY'
2022-06-02 15:23:03 INFO ?  send command success
2022-06-02 15:26:39 INFO ? HV000001: Hibernate Validator 6.2.3.Final
2022-06-02 15:26:39 INFO ? Starting UserDeviceManagementApplication using Java 11.0.14.1 on DESKTOP-0CD3I63 with PID 42716 (C:\Users\Dao Manh\IdeaProjects\user-device-management\target\classes started by Dao Manh in C:\Users\Dao Manh\IdeaProjects\user-device-management)
2022-06-02 15:26:39 DEBUG ? Running with Spring Boot v2.7.0, Spring v5.3.20
2022-06-02 15:26:39 INFO ? No active profile set, falling back to 1 default profile: "default"
2022-06-02 15:26:39 INFO ? Multiple Spring Data modules found, entering strict repository configuration mode!
2022-06-02 15:26:39 INFO ? Bootstrapping Spring Data JPA repositories in DEFAULT mode.
2022-06-02 15:26:40 INFO ? Spring Data JPA - Could not safely identify store assignment for repository candidate interface com.kss.userdevicemanagement.repository.redis.UserDeviceCacheRepository. If you want this repository to be a JPA repository, consider annotating your entities with one of these annotations: javax.persistence.Entity, javax.persistence.MappedSuperclass (preferred), or consider extending one of the following types with your repository: org.springframework.data.jpa.repository.JpaRepository.
2022-06-02 15:26:40 INFO ? Spring Data JPA - Could not safely identify store assignment for repository candidate interface com.kss.userdevicemanagement.repository.redis.UserTopicCacheRepository. If you want this repository to be a JPA repository, consider annotating your entities with one of these annotations: javax.persistence.Entity, javax.persistence.MappedSuperclass (preferred), or consider extending one of the following types with your repository: org.springframework.data.jpa.repository.JpaRepository.
2022-06-02 15:26:40 INFO ? Finished Spring Data repository scanning in 57 ms. Found 4 JPA repository interfaces.
2022-06-02 15:26:40 INFO ? Multiple Spring Data modules found, entering strict repository configuration mode!
2022-06-02 15:26:40 INFO ? Bootstrapping Spring Data Redis repositories in DEFAULT mode.
2022-06-02 15:26:40 INFO ? Spring Data Redis - Could not safely identify store assignment for repository candidate interface com.kss.userdevicemanagement.repository.DeviceInfoRepository. If you want this repository to be a Redis repository, consider annotating your entities with one of these annotations: org.springframework.data.redis.core.RedisHash (preferred), or consider extending one of the following types with your repository: org.springframework.data.keyvalue.repository.KeyValueRepository.
2022-06-02 15:26:40 INFO ? Spring Data Redis - Could not safely identify store assignment for repository candidate interface com.kss.userdevicemanagement.repository.TopicRepository. If you want this repository to be a Redis repository, consider annotating your entities with one of these annotations: org.springframework.data.redis.core.RedisHash (preferred), or consider extending one of the following types with your repository: org.springframework.data.keyvalue.repository.KeyValueRepository.
2022-06-02 15:26:40 INFO ? Spring Data Redis - Could not safely identify store assignment for repository candidate interface com.kss.userdevicemanagement.repository.UserDeviceRepository. If you want this repository to be a Redis repository, consider annotating your entities with one of these annotations: org.springframework.data.redis.core.RedisHash (preferred), or consider extending one of the following types with your repository: org.springframework.data.keyvalue.repository.KeyValueRepository.
2022-06-02 15:26:40 INFO ? Spring Data Redis - Could not safely identify store assignment for repository candidate interface com.kss.userdevicemanagement.repository.UserTopicRepository. If you want this repository to be a Redis repository, consider annotating your entities with one of these annotations: org.springframework.data.redis.core.RedisHash (preferred), or consider extending one of the following types with your repository: org.springframework.data.keyvalue.repository.KeyValueRepository.
2022-06-02 15:26:40 INFO ? Finished Spring Data repository scanning in 11 ms. Found 2 Redis repository interfaces.
2022-06-02 15:26:40 INFO ? Tomcat initialized with port(s): 8811 (http)
2022-06-02 15:26:40 INFO ? Initializing ProtocolHandler ["http-nio-8811"]
2022-06-02 15:26:40 INFO ? Starting service [Tomcat]
2022-06-02 15:26:40 INFO ? Starting Servlet engine: [Apache Tomcat/9.0.63]
2022-06-02 15:26:40 INFO ? Initializing Spring embedded WebApplicationContext
2022-06-02 15:26:40 INFO ? Root WebApplicationContext: initialization completed in 1168 ms
2022-06-02 15:26:40 INFO ? HikariPoolUserManagementService - Starting...
2022-06-02 15:26:40 INFO ? HikariPoolUserManagementService - Start completed.
2022-06-02 15:26:40 INFO ? HHH000204: Processing PersistenceUnitInfo [name: default]
2022-06-02 15:26:40 INFO ? HHH000412: Hibernate ORM core version 5.6.9.Final
2022-06-02 15:26:40 INFO ? HCANN000001: Hibernate Commons Annotations {5.1.2.Final}
2022-06-02 15:26:40 INFO ? HHH000400: Using dialect: org.hibernate.dialect.MariaDB106Dialect
2022-06-02 15:26:41 INFO ? HHH000490: Using JtaPlatform implementation: [org.hibernate.engine.transaction.jta.platform.internal.NoJtaPlatform]
2022-06-02 15:26:41 INFO ? Initialized JPA EntityManagerFactory for persistence unit 'default'
2022-06-02 15:26:42 WARN ? spring.jpa.open-in-view is enabled by default. Therefore, database queries may be performed during view rendering. Explicitly configure spring.jpa.open-in-view to disable this warning
2022-06-02 15:26:42 INFO ? Exposing 3 endpoint(s) beneath base path '/actuator'
2022-06-02 15:26:42 INFO ? Starting ProtocolHandler ["http-nio-8811"]
2022-06-02 15:26:42 INFO ? Tomcat started on port(s): 8811 (http) with context path ''
2022-06-02 15:26:42 INFO ? Started UserDeviceManagementApplication in 3.719 seconds (JVM running for 4.181)
2022-06-02 15:26:42 INFO ? Initializing Spring DispatcherServlet 'dispatcherServlet'
2022-06-02 15:26:42 INFO ? Initializing Servlet 'dispatcherServlet'
2022-06-02 15:26:42 INFO ? Completed initialization in 1 ms
2022-06-02 15:27:03 WARN ? Error: 1062-23000: Duplicate entry 'PushUserTopicScheduler' for key 'PRIMARY'
2022-06-02 15:27:04 INFO ?  send command success
2022-06-02 15:28:03 INFO ?  send command success
2022-06-02 15:29:03 INFO ?  send command success
2022-06-02 15:30:03 INFO ?  send command success
2022-06-02 15:31:03 INFO ?  send command success
2022-06-02 15:32:03 INFO ?  send command success
2022-06-02 15:33:03 INFO ?  send command success
2022-06-02 15:34:03 INFO ?  send command success
2022-06-02 15:35:03 INFO ?  send command success
2022-06-02 15:36:03 INFO ?  send command success
